2020-06-18 17:23:59,754 [main] ERROR o.s.b.d.LoggingFailureAnalysisReporter 40 - 

***************************
APPLICATION FAILED TO START
***************************

Description:

Parameter 0 of method redisTemplate in org.springframework.boot.autoconfigure.data.redis.RedisAutoConfiguration required a bean of type 'org.springframework.data.redis.connection.RedisConnectionFactory' that could not be found.

The following candidates were found but could not be injected:
	- Bean method 'redisConnectionFactory' in 'JedisConnectionConfiguration' not loaded because @ConditionalOnClass did not find required classes 'org.apache.commons.pool2.impl.GenericObjectPool', 'redis.clients.jedis.Jedis'
	- Bean method 'redisConnectionFactory' in 'LettuceConnectionConfiguration' not loaded because @ConditionalOnClass did not find required class 'io.lettuce.core.RedisClient'


Action:

Consider revisiting the entries above or defining a bean of type 'org.springframework.data.redis.connection.RedisConnectionFactory' in your configuration.

2020-06-18 17:24:21,646 [main] ERROR o.s.b.d.LoggingFailureAnalysisReporter 40 - 

***************************
APPLICATION FAILED TO START
***************************

Description:

Parameter 0 of method redisTemplate in org.springframework.boot.autoconfigure.data.redis.RedisAutoConfiguration required a bean of type 'org.springframework.data.redis.connection.RedisConnectionFactory' that could not be found.

The following candidates were found but could not be injected:
	- Bean method 'redisConnectionFactory' in 'JedisConnectionConfiguration' not loaded because @ConditionalOnClass did not find required classes 'org.apache.commons.pool2.impl.GenericObjectPool', 'redis.clients.jedis.Jedis'
	- Bean method 'redisConnectionFactory' in 'LettuceConnectionConfiguration' not loaded because @ConditionalOnClass did not find required class 'io.lettuce.core.RedisClient'


Action:

Consider revisiting the entries above or defining a bean of type 'org.springframework.data.redis.connection.RedisConnectionFactory' in your configuration.

2020-06-18 17:28:27,569 [main] ERROR o.s.b.w.e.tomcat.TomcatStarter 61 - Error starting Tomcat context. Exception: org.springframework.beans.factory.UnsatisfiedDependencyException. Message: Error creating bean with name 'sessionRepositoryFilterRegistration' defined in class path resource [org/springframework/boot/autoconfigure/session/SessionRepositoryFilterConfiguration.class]: Unsatisfied dependency expressed through method 'sessionRepositoryFilterRegistration' parameter 1; nested exception is org.springframework.beans.factory.BeanCreationException: Error creating bean with name 'org.springframework.boot.autoconfigure.session.RedisSessionConfiguration$SpringBootRedisHttpSessionConfiguration': Initialization of bean failed; nested exception is org.springframework.beans.factory.UnsatisfiedDependencyException: Error creating bean with name 'org.springframework.boot.autoconfigure.data.redis.LettuceConnectionConfiguration': Unsatisfied dependency expressed through constructor parameter 0; nested exception is org.springframework.boot.context.properties.ConfigurationPropertiesBindException: Error creating bean with name 'spring.redis-org.springframework.boot.autoconfigure.data.redis.RedisProperties': Could not bind properties to 'RedisProperties' : prefix=spring.redis, ignoreInvalidFields=false, ignoreUnknownFields=true; nested exception is org.springframework.boot.context.properties.bind.BindException: Failed to bind properties under 'spring.redis.timeout' to java.time.Duration
2020-06-18 17:28:27,851 [main] ERROR o.s.b.d.LoggingFailureAnalysisReporter 40 - 

***************************
APPLICATION FAILED TO START
***************************

Description:

Failed to bind properties under 'spring.redis.timeout' to java.time.Duration:

    Property: spring.redis.timeout
    Value: 0  
    Origin: class path resource [application.properties]:32:22
    Reason: failed to convert java.lang.String to java.time.Duration

Action:

Update your application's configuration

